<?xml version="1.0" encoding="UTF-8"?>
<!-- Generated by org.testng.reporters.JUnitReportReporter -->
<testsuite hostname="Sunhub-Sufian" failures="0" tests="1" name="helloworld_sufian.TestHelloWorld" time="0.019" errors="0" timestamp="2024-11-27T19:29:51 PKT" skipped="0">
  <testcase classname="helloworld_sufian.TestHelloWorld" name="testhelloworld" time="0.019"/>
</testsuite> <!-- helloworld_sufian.TestHelloWorld -->
